  GameObject.cpp
C:\Users\Matth\Documents\UNI WORK\Actual Year 2\CGP\CGP-ASSESSMENT\CGP ASSESSMENT Matthew Brake\GameObject.cpp(15,20): warning C4838: conversion from 'float' to 'int' requires a narrowing conversion
C:\Users\Matth\Documents\UNI WORK\Actual Year 2\CGP\CGP-ASSESSMENT\CGP ASSESSMENT Matthew Brake\GameObject.cpp(15,20): warning C4244: 'initializing': conversion from 'float' to 'int', possible loss of data
C:\Users\Matth\Documents\UNI WORK\Actual Year 2\CGP\CGP-ASSESSMENT\CGP ASSESSMENT Matthew Brake\GameObject.cpp(15,24): warning C4838: conversion from 'float' to 'int' requires a narrowing conversion
C:\Users\Matth\Documents\UNI WORK\Actual Year 2\CGP\CGP-ASSESSMENT\CGP ASSESSMENT Matthew Brake\GameObject.cpp(15,24): warning C4244: 'initializing': conversion from 'float' to 'int', possible loss of data
C:\Users\Matth\Documents\UNI WORK\Actual Year 2\CGP\CGP-ASSESSMENT\CGP ASSESSMENT Matthew Brake\GameObject.cpp(15,28): warning C4838: conversion from 'float' to 'int' requires a narrowing conversion
C:\Users\Matth\Documents\UNI WORK\Actual Year 2\CGP\CGP-ASSESSMENT\CGP ASSESSMENT Matthew Brake\GameObject.cpp(15,28): warning C4244: 'initializing': conversion from 'float' to 'int', possible loss of data
C:\Users\Matth\Documents\UNI WORK\Actual Year 2\CGP\CGP-ASSESSMENT\CGP ASSESSMENT Matthew Brake\GameObject.cpp(15,32): warning C4838: conversion from 'float' to 'int' requires a narrowing conversion
C:\Users\Matth\Documents\UNI WORK\Actual Year 2\CGP\CGP-ASSESSMENT\CGP ASSESSMENT Matthew Brake\GameObject.cpp(15,32): warning C4244: 'initializing': conversion from 'float' to 'int', possible loss of data
  main.cpp
C:\Users\Matth\Documents\UNI WORK\Actual Year 2\CGP\CGP-ASSESSMENT\CGP ASSESSMENT Matthew Brake\main.cpp(243,18): warning C4101: 'MagicHeight': unreferenced local variable
C:\Users\Matth\Documents\UNI WORK\Actual Year 2\CGP\CGP-ASSESSMENT\CGP ASSESSMENT Matthew Brake\main.cpp(243,6): warning C4101: 'MagicWidth': unreferenced local variable
  Tank.cpp
C:\Users\Matth\Documents\UNI WORK\Actual Year 2\CGP\CGP-ASSESSMENT\CGP ASSESSMENT Matthew Brake\Tank.cpp(28,9): warning C4244: 'return': conversion from 'float' to 'int', possible loss of data
C:\Users\Matth\Documents\UNI WORK\Actual Year 2\CGP\CGP-ASSESSMENT\CGP ASSESSMENT Matthew Brake\Tank.cpp(34,9): warning C4244: 'return': conversion from 'float' to 'int', possible loss of data
C:\Users\Matth\Documents\UNI WORK\Actual Year 2\CGP\CGP-ASSESSMENT\CGP ASSESSMENT Matthew Brake\Tank.cpp(40,9): warning C4244: 'return': conversion from 'float' to 'int', possible loss of data
C:\Users\Matth\Documents\UNI WORK\Actual Year 2\CGP\CGP-ASSESSMENT\CGP ASSESSMENT Matthew Brake\Tank.cpp(47,9): warning C4244: 'return': conversion from 'float' to 'int', possible loss of data
C:\Users\Matth\Documents\UNI WORK\Actual Year 2\CGP\CGP-ASSESSMENT\CGP ASSESSMENT Matthew Brake\Tank.cpp(52,9): warning C4244: 'return': conversion from 'const float' to 'int', possible loss of data
C:\Users\Matth\Documents\UNI WORK\Actual Year 2\CGP\CGP-ASSESSMENT\CGP ASSESSMENT Matthew Brake\Tank.cpp(57,9): warning C4244: 'return': conversion from 'const float' to 'int', possible loss of data
C:\Users\Matth\Documents\UNI WORK\Actual Year 2\CGP\CGP-ASSESSMENT\CGP ASSESSMENT Matthew Brake\Tank.cpp(63,8): warning C4244: 'initializing': conversion from 'float' to 'int', possible loss of data
C:\Users\Matth\Documents\UNI WORK\Actual Year 2\CGP\CGP-ASSESSMENT\CGP ASSESSMENT Matthew Brake\Tank.cpp(64,8): warning C4244: 'initializing': conversion from 'float' to 'int', possible loss of data
C:\Users\Matth\Documents\UNI WORK\Actual Year 2\CGP\CGP-ASSESSMENT\CGP ASSESSMENT Matthew Brake\Tank.cpp(65,30): warning C4838: conversion from 'float' to 'int' requires a narrowing conversion
C:\Users\Matth\Documents\UNI WORK\Actual Year 2\CGP\CGP-ASSESSMENT\CGP ASSESSMENT Matthew Brake\Tank.cpp(65,30): warning C4244: 'initializing': conversion from 'float' to 'int', possible loss of data
C:\Users\Matth\Documents\UNI WORK\Actual Year 2\CGP\CGP-ASSESSMENT\CGP ASSESSMENT Matthew Brake\Tank.cpp(65,38): warning C4838: conversion from 'double' to 'int' requires a narrowing conversion
C:\Users\Matth\Documents\UNI WORK\Actual Year 2\CGP\CGP-ASSESSMENT\CGP ASSESSMENT Matthew Brake\Tank.cpp(65,38): warning C4244: 'initializing': conversion from 'double' to 'int', possible loss of data
  TankSpawner.cpp
  Generating Code...
  CGP ASSESSMENT Matthew Brake.vcxproj -> C:\Users\Matth\Documents\UNI WORK\Actual Year 2\CGP\CGP-ASSESSMENT\CGP ASSESSMENT Matthew Brake\x64\Debug\CGP ASSESSMENT Matthew Brake.exe
